[thebesttools.xyz/index.html]
[backblue.gif]
[fade.gif]
[index.html]
[browser.sentry-cdn.com/6.4.1/bundle.min.js]
[www.google-analytics.com/analytics.js]
[d13pxqgp3ixdbh.cloudfront.net/uploads/1624955746b8669136fc967c0f86b5d4d420d09235.jpg]
[d13pxqgp3ixdbh.cloudfront.net/uploads/1618785705fd170a27c59b004122603c2dd1e2bc64.png]
[d13pxqgp3ixdbh.cloudfront.net/uploads/16076175376158ce47ad4e157d9b70e0a768509337.png]
[d13pxqgp3ixdbh.cloudfront.net/uploads/1636471537cc9c306f7c389c185189bf3daf7260c1.png]
[d13pxqgp3ixdbh.cloudfront.net/uploads/16356530149871f3ad26cacfb5ad62be3af4f83078.png]
[d13pxqgp3ixdbh.cloudfront.net/uploads/16356530079192e6f42956c06c93882dc8f2b524f5.png]
[d13pxqgp3ixdbh.cloudfront.net/uploads/16356530209e46ef11b612e6f52b6e6b67f322a7af.png]
[d13pxqgp3ixdbh.cloudfront.net/uploads/163565302671a941e9ac48f19ce1f2ca237332eb50.png]
[d13pxqgp3ixdbh.cloudfront.net/uploads/1636472786ee1905a53e0b903bb72600a288d20d03.png]
[d13pxqgp3ixdbh.cloudfront.net/uploads/16364715366bbcfd0471c3793eb21b30488e7b79ac.png]
[d13pxqgp3ixdbh.cloudfront.net/uploads/163542468278c021e06cc778d4aef36f80e47413a2.gif]
[ajax.googleapis.com/ajax/libs/jquery/2.2.4/jquery.min.js]
[d12u7tum9sda5e.cloudfront.net/7928f0c.js]
[thebesttools.xyz/customTemplateGlobal.html]
[thebesttools.xyz/index.html]
[thebesttools.xyz/customTemplateGlobal.html]
